2024/12/07 10:26:31 [notice] 1#1: using the "epoll" event method
2024/12/07 10:26:31 [notice] 1#1: nginx/1.26.2
2024/12/07 10:26:31 [notice] 1#1: built by gcc 13.2.1 20240309 (Alpine 13.2.1_git20240309) 
2024/12/07 10:26:31 [notice] 1#1: OS: Linux 6.10.11-linuxkit
2024/12/07 10:26:31 [notice] 1#1: getrlimit(RLIMIT_NOFILE): 1048576:1048576
2024/12/07 10:26:31 [notice] 1#1: start worker processes
2024/12/07 10:26:31 [notice] 1#1: start worker process 29
2024/12/07 10:26:31 [notice] 1#1: start worker process 30
2024/12/07 10:26:31 [notice] 1#1: start worker process 31
2024/12/07 10:26:31 [notice] 1#1: start worker process 32
2024/12/07 10:26:31 [notice] 1#1: start worker process 33
2024/12/07 10:26:31 [notice] 1#1: start worker process 34
2024/12/07 10:26:31 [notice] 1#1: start worker process 35
2024/12/07 10:26:31 [notice] 1#1: start worker process 36
2024/12/07 11:47:13 [notice] 1#1: signal 3 (SIGQUIT) received, shutting down
2024/12/07 11:47:13 [notice] 29#29: gracefully shutting down
2024/12/07 11:47:13 [notice] 36#36: gracefully shutting down
2024/12/07 11:47:13 [notice] 30#30: gracefully shutting down
2024/12/07 11:47:13 [notice] 31#31: gracefully shutting down
2024/12/07 11:47:13 [notice] 35#35: gracefully shutting down
2024/12/07 11:47:13 [notice] 34#34: gracefully shutting down
2024/12/07 11:47:13 [notice] 32#32: gracefully shutting down
2024/12/07 11:47:13 [notice] 33#33: gracefully shutting down
2024/12/07 11:47:13 [notice] 29#29: exiting
2024/12/07 11:47:13 [notice] 36#36: exiting
2024/12/07 11:47:13 [notice] 30#30: exiting
2024/12/07 11:47:13 [notice] 31#31: exiting
2024/12/07 11:47:13 [notice] 35#35: exiting
2024/12/07 11:47:13 [notice] 36#36: exit
2024/12/07 11:47:13 [notice] 34#34: exiting
2024/12/07 11:47:13 [notice] 32#32: exiting
2024/12/07 11:47:13 [notice] 33#33: exiting
2024/12/07 11:47:13 [notice] 29#29: exit
2024/12/07 11:47:13 [notice] 32#32: exit
2024/12/07 11:47:13 [notice] 31#31: exit
2024/12/07 11:47:13 [notice] 30#30: exit
2024/12/07 11:47:13 [notice] 35#35: exit
2024/12/07 11:47:13 [notice] 34#34: exit
2024/12/07 11:47:13 [notice] 33#33: exit
2024/12/07 11:47:13 [notice] 1#1: signal 17 (SIGCHLD) received from 35
2024/12/07 11:47:13 [notice] 1#1: worker process 35 exited with code 0
2024/12/07 11:47:13 [notice] 1#1: signal 29 (SIGIO) received
2024/12/07 11:47:13 [notice] 1#1: signal 17 (SIGCHLD) received from 33
2024/12/07 11:47:13 [notice] 1#1: worker process 29 exited with code 0
2024/12/07 11:47:13 [notice] 1#1: worker process 30 exited with code 0
2024/12/07 11:47:13 [notice] 1#1: worker process 31 exited with code 0
2024/12/07 11:47:13 [notice] 1#1: worker process 32 exited with code 0
2024/12/07 11:47:13 [notice] 1#1: worker process 33 exited with code 0
2024/12/07 11:47:13 [notice] 1#1: worker process 34 exited with code 0
2024/12/07 11:47:13 [notice] 1#1: worker process 36 exited with code 0
2024/12/07 11:47:13 [notice] 1#1: exit
2024/12/07 11:47:30 [notice] 1#1: using the "epoll" event method
2024/12/07 11:47:30 [notice] 1#1: nginx/1.26.2
2024/12/07 11:47:30 [notice] 1#1: built by gcc 13.2.1 20240309 (Alpine 13.2.1_git20240309) 
2024/12/07 11:47:30 [notice] 1#1: OS: Linux 6.10.11-linuxkit
2024/12/07 11:47:30 [notice] 1#1: getrlimit(RLIMIT_NOFILE): 1048576:1048576
2024/12/07 11:47:30 [notice] 1#1: start worker processes
2024/12/07 11:47:30 [notice] 1#1: start worker process 29
2024/12/07 11:47:30 [notice] 1#1: start worker process 30
2024/12/07 11:47:30 [notice] 1#1: start worker process 31
2024/12/07 11:47:30 [notice] 1#1: start worker process 32
2024/12/07 11:47:30 [notice] 1#1: start worker process 33
2024/12/07 11:47:30 [notice] 1#1: start worker process 34
2024/12/07 11:47:30 [notice] 1#1: start worker process 35
2024/12/07 11:47:30 [notice] 1#1: start worker process 36
2024/12/07 16:59:03 [notice] 1#1: signal 3 (SIGQUIT) received, shutting down
2024/12/07 16:59:03 [notice] 29#29: gracefully shutting down
2024/12/07 16:59:03 [notice] 30#30: gracefully shutting down
2024/12/07 16:59:03 [notice] 32#32: gracefully shutting down
2024/12/07 16:59:03 [notice] 31#31: gracefully shutting down
2024/12/07 16:59:03 [notice] 33#33: gracefully shutting down
2024/12/07 16:59:03 [notice] 34#34: gracefully shutting down
2024/12/07 16:59:03 [notice] 35#35: gracefully shutting down
2024/12/07 16:59:03 [notice] 36#36: gracefully shutting down
2024/12/07 16:59:03 [notice] 30#30: exiting
2024/12/07 16:59:03 [notice] 29#29: exiting
2024/12/07 16:59:03 [notice] 32#32: exiting
2024/12/07 16:59:03 [notice] 31#31: exiting
2024/12/07 16:59:03 [notice] 33#33: exiting
2024/12/07 16:59:03 [notice] 34#34: exiting
2024/12/07 16:59:03 [notice] 35#35: exiting
2024/12/07 16:59:03 [notice] 33#33: exit
2024/12/07 16:59:03 [notice] 36#36: exiting
2024/12/07 16:59:03 [notice] 29#29: exit
2024/12/07 16:59:03 [notice] 32#32: exit
2024/12/07 16:59:03 [notice] 30#30: exit
2024/12/07 16:59:03 [notice] 31#31: exit
2024/12/07 16:59:03 [notice] 34#34: exit
2024/12/07 16:59:03 [notice] 35#35: exit
2024/12/07 16:59:03 [notice] 36#36: exit
2024/12/07 16:59:03 [notice] 1#1: signal 17 (SIGCHLD) received from 33
2024/12/07 16:59:03 [notice] 1#1: worker process 33 exited with code 0
2024/12/07 16:59:03 [notice] 1#1: signal 29 (SIGIO) received
2024/12/07 16:59:03 [notice] 1#1: signal 17 (SIGCHLD) received from 30
2024/12/07 16:59:03 [notice] 1#1: worker process 30 exited with code 0
2024/12/07 16:59:03 [notice] 1#1: worker process 29 exited with code 0
2024/12/07 16:59:03 [notice] 1#1: worker process 31 exited with code 0
2024/12/07 16:59:03 [notice] 1#1: worker process 32 exited with code 0
2024/12/07 16:59:03 [notice] 1#1: worker process 34 exited with code 0
2024/12/07 16:59:03 [notice] 1#1: worker process 35 exited with code 0
2024/12/07 16:59:03 [notice] 1#1: worker process 36 exited with code 0
2024/12/07 16:59:03 [notice] 1#1: exit
2024/12/09 09:08:46 [notice] 1#1: using the "epoll" event method
2024/12/09 09:08:46 [notice] 1#1: nginx/1.26.2
2024/12/09 09:08:46 [notice] 1#1: built by gcc 13.2.1 20240309 (Alpine 13.2.1_git20240309) 
2024/12/09 09:08:46 [notice] 1#1: OS: Linux 6.10.11-linuxkit
2024/12/09 09:08:46 [notice] 1#1: getrlimit(RLIMIT_NOFILE): 1048576:1048576
2024/12/09 09:08:46 [notice] 1#1: start worker processes
2024/12/09 09:08:46 [notice] 1#1: start worker process 29
2024/12/09 09:08:46 [notice] 1#1: start worker process 30
2024/12/09 09:08:46 [notice] 1#1: start worker process 31
2024/12/09 09:08:46 [notice] 1#1: start worker process 32
2024/12/09 09:08:46 [notice] 1#1: start worker process 33
2024/12/09 09:08:46 [notice] 1#1: start worker process 34
2024/12/09 09:08:46 [notice] 1#1: start worker process 35
2024/12/09 09:08:46 [notice] 1#1: start worker process 36
2024/12/09 16:44:05 [emerg] 1#1: host not found in upstream "php" in /etc/nginx/conf.d/default.conf:16
2024/12/09 16:44:06 [emerg] 1#1: host not found in upstream "php" in /etc/nginx/conf.d/default.conf:16
2024/12/09 16:44:07 [emerg] 1#1: host not found in upstream "php" in /etc/nginx/conf.d/default.conf:16
2024/12/09 16:44:08 [emerg] 1#1: host not found in upstream "php" in /etc/nginx/conf.d/default.conf:16
2024/12/09 16:44:09 [emerg] 1#1: host not found in upstream "php" in /etc/nginx/conf.d/default.conf:16
2024/12/09 16:44:11 [emerg] 1#1: host not found in upstream "php" in /etc/nginx/conf.d/default.conf:16
2024/12/09 16:44:15 [emerg] 1#1: host not found in upstream "php" in /etc/nginx/conf.d/default.conf:16
2024/12/10 10:15:11 [notice] 1#1: using the "epoll" event method
2024/12/10 10:15:11 [notice] 1#1: nginx/1.26.2
2024/12/10 10:15:11 [notice] 1#1: built by gcc 13.2.1 20240309 (Alpine 13.2.1_git20240309) 
2024/12/10 10:15:11 [notice] 1#1: OS: Linux 6.10.11-linuxkit
2024/12/10 10:15:11 [notice] 1#1: getrlimit(RLIMIT_NOFILE): 1048576:1048576
2024/12/10 10:15:11 [notice] 1#1: start worker processes
2024/12/10 10:15:11 [notice] 1#1: start worker process 29
2024/12/10 10:15:11 [notice] 1#1: start worker process 30
2024/12/10 10:15:11 [notice] 1#1: start worker process 31
2024/12/10 10:15:11 [notice] 1#1: start worker process 32
2024/12/10 10:15:11 [notice] 1#1: start worker process 33
2024/12/10 10:15:11 [notice] 1#1: start worker process 34
2024/12/10 10:15:11 [notice] 1#1: start worker process 35
2024/12/10 10:15:11 [notice] 1#1: start worker process 36
2024/12/10 10:48:08 [notice] 1#1: signal 3 (SIGQUIT) received, shutting down
2024/12/10 10:48:08 [notice] 29#29: gracefully shutting down
2024/12/10 10:48:08 [notice] 34#34: gracefully shutting down
2024/12/10 10:48:08 [notice] 31#31: gracefully shutting down
2024/12/10 10:48:08 [notice] 30#30: gracefully shutting down
2024/12/10 10:48:08 [notice] 33#33: gracefully shutting down
2024/12/10 10:48:08 [notice] 32#32: gracefully shutting down
2024/12/10 10:48:08 [notice] 35#35: gracefully shutting down
2024/12/10 10:48:08 [notice] 36#36: gracefully shutting down
2024/12/10 10:48:08 [notice] 29#29: exiting
2024/12/10 10:48:08 [notice] 34#34: exiting
2024/12/10 10:48:08 [notice] 31#31: exiting
2024/12/10 10:48:08 [notice] 30#30: exiting
2024/12/10 10:48:08 [notice] 33#33: exiting
2024/12/10 10:48:08 [notice] 32#32: exiting
2024/12/10 10:48:08 [notice] 36#36: exiting
2024/12/10 10:48:08 [notice] 35#35: exiting
2024/12/10 10:48:08 [notice] 36#36: exit
2024/12/10 10:48:08 [notice] 29#29: exit
2024/12/10 10:48:08 [notice] 34#34: exit
2024/12/10 10:48:08 [notice] 31#31: exit
2024/12/10 10:48:08 [notice] 30#30: exit
2024/12/10 10:48:08 [notice] 33#33: exit
2024/12/10 10:48:08 [notice] 32#32: exit
2024/12/10 10:48:08 [notice] 35#35: exit
2024/12/10 10:48:08 [notice] 1#1: signal 17 (SIGCHLD) received from 31
2024/12/10 10:48:08 [notice] 1#1: worker process 31 exited with code 0
2024/12/10 10:48:08 [notice] 1#1: worker process 34 exited with code 0
2024/12/10 10:48:08 [notice] 1#1: signal 29 (SIGIO) received
2024/12/10 10:48:08 [notice] 1#1: signal 17 (SIGCHLD) received from 29
2024/12/10 10:48:08 [notice] 1#1: worker process 29 exited with code 0
2024/12/10 10:48:08 [notice] 1#1: worker process 30 exited with code 0
2024/12/10 10:48:08 [notice] 1#1: worker process 32 exited with code 0
2024/12/10 10:48:08 [notice] 1#1: worker process 33 exited with code 0
2024/12/10 10:48:08 [notice] 1#1: worker process 35 exited with code 0
2024/12/10 10:48:08 [notice] 1#1: worker process 36 exited with code 0
2024/12/10 10:48:08 [notice] 1#1: exit
2024/12/10 10:48:51 [notice] 1#1: using the "epoll" event method
2024/12/10 10:48:51 [notice] 1#1: nginx/1.26.2
2024/12/10 10:48:51 [notice] 1#1: built by gcc 13.2.1 20240309 (Alpine 13.2.1_git20240309) 
2024/12/10 10:48:51 [notice] 1#1: OS: Linux 6.10.11-linuxkit
2024/12/10 10:48:51 [notice] 1#1: getrlimit(RLIMIT_NOFILE): 1048576:1048576
2024/12/10 10:48:51 [notice] 1#1: start worker processes
2024/12/10 10:48:51 [notice] 1#1: start worker process 29
2024/12/10 10:48:51 [notice] 1#1: start worker process 30
2024/12/10 10:48:51 [notice] 1#1: start worker process 31
2024/12/10 10:48:51 [notice] 1#1: start worker process 32
2024/12/10 10:48:51 [notice] 1#1: start worker process 33
2024/12/10 10:48:51 [notice] 1#1: start worker process 34
2024/12/10 10:48:51 [notice] 1#1: start worker process 35
2024/12/10 10:48:51 [notice] 1#1: start worker process 36
2024/12/10 16:56:05 [notice] 1#1: signal 3 (SIGQUIT) received, shutting down
2024/12/10 16:56:05 [notice] 29#29: gracefully shutting down
2024/12/10 16:56:05 [notice] 30#30: gracefully shutting down
2024/12/10 16:56:05 [notice] 29#29: exiting
2024/12/10 16:56:05 [notice] 31#31: gracefully shutting down
2024/12/10 16:56:05 [notice] 33#33: gracefully shutting down
2024/12/10 16:56:05 [notice] 32#32: gracefully shutting down
2024/12/10 16:56:05 [notice] 36#36: gracefully shutting down
2024/12/10 16:56:05 [notice] 35#35: gracefully shutting down
2024/12/10 16:56:05 [notice] 36#36: exiting
2024/12/10 16:56:05 [notice] 34#34: gracefully shutting down
2024/12/10 16:56:05 [notice] 30#30: exiting
2024/12/10 16:56:05 [notice] 35#35: exiting
2024/12/10 16:56:05 [notice] 31#31: exiting
2024/12/10 16:56:05 [notice] 30#30: exit
2024/12/10 16:56:05 [notice] 29#29: exit
2024/12/10 16:56:05 [notice] 33#33: exiting
2024/12/10 16:56:05 [notice] 32#32: exiting
2024/12/10 16:56:05 [notice] 36#36: exit
2024/12/10 16:56:05 [notice] 34#34: exiting
2024/12/10 16:56:05 [notice] 35#35: exit
2024/12/10 16:56:05 [notice] 31#31: exit
2024/12/10 16:56:05 [notice] 33#33: exit
2024/12/10 16:56:05 [notice] 32#32: exit
2024/12/10 16:56:05 [notice] 34#34: exit
2024/12/10 16:56:05 [notice] 1#1: signal 17 (SIGCHLD) received from 32
2024/12/10 16:56:05 [notice] 1#1: worker process 29 exited with code 0
2024/12/10 16:56:05 [notice] 1#1: worker process 30 exited with code 0
2024/12/10 16:56:05 [notice] 1#1: worker process 31 exited with code 0
2024/12/10 16:56:05 [notice] 1#1: worker process 32 exited with code 0
2024/12/10 16:56:05 [notice] 1#1: worker process 35 exited with code 0
2024/12/10 16:56:05 [notice] 1#1: worker process 36 exited with code 0
2024/12/10 16:56:05 [notice] 1#1: signal 29 (SIGIO) received
2024/12/10 16:56:05 [notice] 1#1: signal 17 (SIGCHLD) received from 36
2024/12/10 16:56:05 [notice] 1#1: signal 17 (SIGCHLD) received from 33
2024/12/10 16:56:05 [notice] 1#1: worker process 33 exited with code 0
2024/12/10 16:56:05 [notice] 1#1: signal 29 (SIGIO) received
2024/12/10 16:56:05 [notice] 1#1: signal 17 (SIGCHLD) received from 34
2024/12/10 16:56:05 [notice] 1#1: worker process 34 exited with code 0
2024/12/10 16:56:05 [notice] 1#1: exit
2024/12/10 18:39:56 [notice] 1#1: using the "epoll" event method
2024/12/10 18:39:56 [notice] 1#1: nginx/1.26.2
2024/12/10 18:39:56 [notice] 1#1: built by gcc 13.2.1 20240309 (Alpine 13.2.1_git20240309) 
2024/12/10 18:39:56 [notice] 1#1: OS: Linux 6.10.11-linuxkit
2024/12/10 18:39:56 [notice] 1#1: getrlimit(RLIMIT_NOFILE): 1048576:1048576
2024/12/10 18:39:56 [notice] 1#1: start worker processes
2024/12/10 18:39:56 [notice] 1#1: start worker process 29
2024/12/10 18:39:56 [notice] 1#1: start worker process 30
2024/12/10 18:39:56 [notice] 1#1: start worker process 31
2024/12/10 18:39:56 [notice] 1#1: start worker process 32
2024/12/10 18:39:56 [notice] 1#1: start worker process 33
2024/12/10 18:39:56 [notice] 1#1: start worker process 34
2024/12/10 18:39:56 [notice] 1#1: start worker process 35
2024/12/10 18:39:56 [notice] 1#1: start worker process 36
2024/12/11 16:46:55 [notice] 1#1: signal 3 (SIGQUIT) received, shutting down
2024/12/11 16:46:55 [notice] 31#31: gracefully shutting down
2024/12/11 16:46:55 [notice] 33#33: gracefully shutting down
2024/12/11 16:46:55 [notice] 34#34: gracefully shutting down
2024/12/11 16:46:55 [notice] 32#32: gracefully shutting down
2024/12/11 16:46:55 [notice] 30#30: gracefully shutting down
2024/12/11 16:46:55 [notice] 29#29: gracefully shutting down
2024/12/11 16:46:55 [notice] 35#35: gracefully shutting down
2024/12/11 16:46:55 [notice] 36#36: gracefully shutting down
2024/12/11 16:46:55 [notice] 31#31: exiting
2024/12/11 16:46:55 [notice] 33#33: exiting
2024/12/11 16:46:55 [notice] 32#32: exiting
2024/12/11 16:46:55 [notice] 34#34: exiting
2024/12/11 16:46:55 [notice] 30#30: exiting
2024/12/11 16:46:55 [notice] 29#29: exiting
2024/12/11 16:46:55 [notice] 35#35: exiting
2024/12/11 16:46:55 [notice] 36#36: exiting
2024/12/11 16:46:55 [notice] 31#31: exit
2024/12/11 16:46:55 [notice] 33#33: exit
2024/12/11 16:46:55 [notice] 32#32: exit
2024/12/11 16:46:55 [notice] 34#34: exit
2024/12/11 16:46:55 [notice] 29#29: exit
2024/12/11 16:46:55 [notice] 35#35: exit
2024/12/11 16:46:55 [notice] 30#30: exit
2024/12/11 16:46:55 [notice] 36#36: exit
2024/12/11 16:46:55 [notice] 1#1: signal 17 (SIGCHLD) received from 35
2024/12/11 16:46:55 [notice] 1#1: worker process 31 exited with code 0
2024/12/11 16:46:55 [notice] 1#1: worker process 35 exited with code 0
2024/12/11 16:46:55 [notice] 1#1: worker process 32 exited with code 0
2024/12/11 16:46:55 [notice] 1#1: signal 29 (SIGIO) received
2024/12/11 16:46:55 [notice] 1#1: signal 17 (SIGCHLD) received from 32
2024/12/11 16:46:55 [notice] 1#1: signal 17 (SIGCHLD) received from 36
2024/12/11 16:46:55 [notice] 1#1: worker process 30 exited with code 0
2024/12/11 16:46:55 [notice] 1#1: worker process 33 exited with code 0
2024/12/11 16:46:55 [notice] 1#1: worker process 29 exited with code 0
2024/12/11 16:46:55 [notice] 1#1: worker process 34 exited with code 0
2024/12/11 16:46:55 [notice] 1#1: worker process 36 exited with code 0
2024/12/11 16:46:55 [notice] 1#1: exit
2024/12/12 09:12:48 [notice] 1#1: using the "epoll" event method
2024/12/12 09:12:48 [notice] 1#1: nginx/1.26.2
2024/12/12 09:12:48 [notice] 1#1: built by gcc 13.2.1 20240309 (Alpine 13.2.1_git20240309) 
2024/12/12 09:12:48 [notice] 1#1: OS: Linux 6.10.11-linuxkit
2024/12/12 09:12:48 [notice] 1#1: getrlimit(RLIMIT_NOFILE): 1048576:1048576
2024/12/12 09:12:48 [notice] 1#1: start worker processes
2024/12/12 09:12:48 [notice] 1#1: start worker process 29
2024/12/12 09:12:48 [notice] 1#1: start worker process 30
2024/12/12 09:12:48 [notice] 1#1: start worker process 31
2024/12/12 09:12:48 [notice] 1#1: start worker process 32
2024/12/12 09:12:48 [notice] 1#1: start worker process 33
2024/12/12 09:12:48 [notice] 1#1: start worker process 34
2024/12/12 09:12:48 [notice] 1#1: start worker process 35
2024/12/12 09:12:48 [notice] 1#1: start worker process 36
2024/12/12 16:01:38 [notice] 1#1: signal 3 (SIGQUIT) received, shutting down
2024/12/12 16:01:38 [notice] 35#35: gracefully shutting down
2024/12/12 16:01:38 [notice] 36#36: gracefully shutting down
2024/12/12 16:01:38 [notice] 29#29: gracefully shutting down
2024/12/12 16:01:38 [notice] 30#30: gracefully shutting down
2024/12/12 16:01:38 [notice] 34#34: gracefully shutting down
2024/12/12 16:01:38 [notice] 33#33: gracefully shutting down
2024/12/12 16:01:38 [notice] 32#32: gracefully shutting down
2024/12/12 16:01:38 [notice] 31#31: gracefully shutting down
2024/12/12 16:01:38 [notice] 36#36: exiting
2024/12/12 16:01:38 [notice] 29#29: exiting
2024/12/12 16:01:38 [notice] 33#33: exiting
2024/12/12 16:01:38 [notice] 30#30: exiting
2024/12/12 16:01:38 [notice] 32#32: exiting
2024/12/12 16:01:38 [notice] 31#31: exiting
2024/12/12 16:01:38 [notice] 29#29: exit
2024/12/12 16:01:38 [notice] 33#33: exit
2024/12/12 16:01:38 [notice] 36#36: exit
2024/12/12 16:01:38 [notice] 32#32: exit
2024/12/12 16:01:38 [notice] 30#30: exit
2024/12/12 16:01:38 [notice] 31#31: exit
2024/12/12 16:01:38 [notice] 1#1: signal 17 (SIGCHLD) received from 33
2024/12/12 16:01:38 [notice] 1#1: worker process 33 exited with code 0
2024/12/12 16:01:38 [notice] 1#1: worker process 36 exited with code 0
2024/12/12 16:01:38 [notice] 1#1: signal 29 (SIGIO) received
2024/12/12 16:01:38 [notice] 1#1: signal 17 (SIGCHLD) received from 30
2024/12/12 16:01:38 [notice] 1#1: worker process 29 exited with code 0
2024/12/12 16:01:38 [notice] 1#1: worker process 30 exited with code 0
2024/12/12 16:01:38 [notice] 1#1: worker process 31 exited with code 0
2024/12/12 16:01:38 [notice] 1#1: worker process 32 exited with code 0
2024/12/12 16:01:38 [notice] 1#1: signal 29 (SIGIO) received
2024/12/12 16:01:38 [notice] 1#1: signal 17 (SIGCHLD) received from 31
2024/12/12 16:01:52 [notice] 1#1: using the "epoll" event method
2024/12/12 16:01:52 [notice] 1#1: nginx/1.26.2
2024/12/12 16:01:52 [notice] 1#1: built by gcc 13.2.1 20240309 (Alpine 13.2.1_git20240309) 
2024/12/12 16:01:52 [notice] 1#1: OS: Linux 6.10.11-linuxkit
2024/12/12 16:01:52 [notice] 1#1: getrlimit(RLIMIT_NOFILE): 1048576:1048576
2024/12/12 16:01:52 [notice] 1#1: start worker processes
2024/12/12 16:01:52 [notice] 1#1: start worker process 29
2024/12/12 16:01:52 [notice] 1#1: start worker process 30
2024/12/12 16:01:52 [notice] 1#1: start worker process 31
2024/12/12 16:01:52 [notice] 1#1: start worker process 32
2024/12/12 16:01:52 [notice] 1#1: start worker process 33
2024/12/12 16:01:52 [notice] 1#1: start worker process 34
2024/12/12 16:01:52 [notice] 1#1: start worker process 35
2024/12/12 16:01:52 [notice] 1#1: start worker process 36
2024/12/12 16:48:28 [notice] 1#1: signal 3 (SIGQUIT) received, shutting down
2024/12/12 16:48:28 [notice] 30#30: gracefully shutting down
2024/12/12 16:48:28 [notice] 31#31: gracefully shutting down
2024/12/12 16:48:28 [notice] 30#30: exiting
2024/12/12 16:48:28 [notice] 32#32: gracefully shutting down
2024/12/12 16:48:28 [notice] 33#33: gracefully shutting down
2024/12/12 16:48:28 [notice] 36#36: gracefully shutting down
2024/12/12 16:48:28 [notice] 35#35: gracefully shutting down
2024/12/12 16:48:28 [notice] 34#34: gracefully shutting down
2024/12/12 16:48:28 [notice] 29#29: gracefully shutting down
2024/12/12 16:48:28 [notice] 31#31: exiting
2024/12/12 16:48:28 [notice] 32#32: exiting
2024/12/12 16:48:28 [notice] 30#30: exit
2024/12/12 16:48:28 [notice] 33#33: exiting
2024/12/12 16:48:28 [notice] 31#31: exit
2024/12/12 16:48:28 [notice] 36#36: exiting
2024/12/12 16:48:28 [notice] 35#35: exiting
2024/12/12 16:48:28 [notice] 34#34: exiting
2024/12/12 16:48:28 [notice] 29#29: exiting
2024/12/12 16:48:28 [notice] 32#32: exit
2024/12/12 16:48:28 [notice] 33#33: exit
2024/12/12 16:48:28 [notice] 36#36: exit
2024/12/12 16:48:28 [notice] 35#35: exit
2024/12/12 16:48:28 [notice] 34#34: exit
2024/12/12 16:48:28 [notice] 29#29: exit
2024/12/12 16:48:28 [notice] 1#1: signal 17 (SIGCHLD) received from 35
2024/12/12 16:48:28 [notice] 1#1: worker process 35 exited with code 0
2024/12/12 16:48:28 [notice] 1#1: signal 29 (SIGIO) received
2024/12/12 16:48:28 [notice] 1#1: signal 17 (SIGCHLD) received from 36
2024/12/12 16:48:28 [notice] 1#1: worker process 29 exited with code 0
2024/12/12 16:48:28 [notice] 1#1: worker process 30 exited with code 0
2024/12/12 16:48:28 [notice] 1#1: worker process 31 exited with code 0
2024/12/12 16:48:28 [notice] 1#1: worker process 32 exited with code 0
2024/12/12 16:48:28 [notice] 1#1: worker process 33 exited with code 0
2024/12/12 16:48:28 [notice] 1#1: worker process 34 exited with code 0
2024/12/12 16:48:28 [notice] 1#1: worker process 36 exited with code 0
2024/12/12 16:48:28 [notice] 1#1: exit
2024/12/15 18:16:24 [notice] 1#1: using the "epoll" event method
2024/12/15 18:16:24 [notice] 1#1: nginx/1.26.2
2024/12/15 18:16:24 [notice] 1#1: built by gcc 13.2.1 20240309 (Alpine 13.2.1_git20240309) 
2024/12/15 18:16:24 [notice] 1#1: OS: Linux 6.10.11-linuxkit
2024/12/15 18:16:24 [notice] 1#1: getrlimit(RLIMIT_NOFILE): 1048576:1048576
2024/12/15 18:16:24 [notice] 1#1: start worker processes
2024/12/15 18:16:24 [notice] 1#1: start worker process 28
2024/12/15 18:16:24 [notice] 1#1: start worker process 29
2024/12/15 18:16:24 [notice] 1#1: start worker process 30
2024/12/15 18:16:24 [notice] 1#1: start worker process 31
2024/12/15 18:16:24 [notice] 1#1: start worker process 32
2024/12/15 18:16:24 [notice] 1#1: start worker process 33
2024/12/15 18:16:24 [notice] 1#1: start worker process 34
2024/12/15 18:16:24 [notice] 1#1: start worker process 35
